  Using 'git status' to determine working set for adaptive non-unity build (C:\GTZA\Games\20003_G_MUG_Coronavirus).
  Creating makefile for MUG_CoronaEditor (no existing makefile)
  Parsing headers for MUG_CoronaEditor
    Running UnrealHeaderTool "C:\GTZA\Games\20003_G_MUG_Coronavirus\MUG_Corona.uproject" "C:\GTZA\Games\20003_G_MUG_Coronavirus\Intermediate\Build\Win64\MUG_CoronaEditor\Development\MUG_CoronaEditor.uhtmanifest" -LogCmds="loginit warning, logexit warning, logdatabase error" -Unattended -WarningsAsErrors -installed
  Reflection code generated for MUG_CoronaEditor in 5.4307902 seconds
  Using Visual Studio 2017 14.16.27023 toolchain (C:\Program Files (x86)\Microsoft Visual Studio\2017\Enterprise\VC\Tools\MSVC\14.16.27023) and Windows 10.0.17763.0 SDK (C:\Program Files (x86)\Windows Kits\10).
  Building 14 actions with 12 processes...
    [1/14] Default.rc2
    [2/14] SharedPCH.Engine.cpp
    [3/14] TestInterface.cpp
C:\GTZA\Games\20003_G_MUG_Coronavirus\Intermediate\Build\Win64\UE4Editor\Inc\MUG_Corona\TestInterface.generated.h(16): error C2007: #define syntax
C:\GTZA\Games\20003_G_MUG_Coronavirus\Intermediate\Build\Win64\UE4Editor\Inc\MUG_Corona\TestInterface.generated.h(28): error C2007: #define syntax
C:\GTZA\Games\20003_G_MUG_Coronavirus\Intermediate\Build\Win64\UE4Editor\Inc\MUG_Corona\TestInterface.generated.h(40): error C2007: #define syntax
C:\GTZA\Games\20003_G_MUG_Coronavirus\Intermediate\Build\Win64\UE4Editor\Inc\MUG_Corona\TestInterface.generated.h(53): error C2007: #define syntax
C:\GTZA\Games\20003_G_MUG_Coronavirus\Intermediate\Build\Win64\UE4Editor\Inc\MUG_Corona\TestInterface.generated.h(54): error C2007: #define syntax
C:\GTZA\Games\20003_G_MUG_Coronavirus\Intermediate\Build\Win64\UE4Editor\Inc\MUG_Corona\TestInterface.generated.h(67): error C2007: #define syntax
C:\GTZA\Games\20003_G_MUG_Coronavirus\Intermediate\Build\Win64\UE4Editor\Inc\MUG_Corona\TestInterface.generated.h(80): error C2007: #define syntax
C:\GTZA\Games\20003_G_MUG_Coronavirus\Intermediate\Build\Win64\UE4Editor\Inc\MUG_Corona\TestInterface.generated.h(89): error C2007: #define syntax
C:\GTZA\Games\20003_G_MUG_Coronavirus\Intermediate\Build\Win64\UE4Editor\Inc\MUG_Corona\TestInterface.generated.h(96): error C2007: #define syntax
C:\GTZA\Games\20003_G_MUG_Coronavirus\Intermediate\Build\Win64\UE4Editor\Inc\MUG_Corona\TestInterface.generated.h(104): error C2007: #define syntax
C:\GTZA\Games\20003_G_MUG_Coronavirus\Intermediate\Build\Win64\UE4Editor\Inc\MUG_Corona\TestInterface.generated.h(114): error C2007: #define syntax
C:\GTZA\Games\20003_G_MUG_Coronavirus\Intermediate\Build\Win64\UE4Editor\Inc\MUG_Corona\TestInterface.generated.h(124): error C2007: #define syntax
C:\GTZA\Games\20003_G_MUG_Coronavirus\Intermediate\Build\Win64\UE4Editor\Inc\MUG_Corona\TestInterface.generated.h(128): error C2007: #define syntax
C:\GTZA\Games\20003_G_MUG_Coronavirus\Intermediate\Build\Win64\UE4Editor\Inc\MUG_Corona\TestInterface.generated.h(138): error C2007: #define syntax
C:\GTZA\Games\20003_G_MUG_Coronavirus\Source\MUG_Corona\Public\TestInterface.h(10): error C2059: syntax error: 'user-defined literal'
C:\GTZA\Games\20003_G_MUG_Coronavirus\Source\MUG_Corona\Public\TestInterface.h(11): error C2059: syntax error: 'public'
C:\GTZA\Games\20003_G_MUG_Coronavirus\Source\MUG_Corona\Public\TestInterface.h(12): error C2143: syntax error: missing ';' before '{'
C:\GTZA\Games\20003_G_MUG_Coronavirus\Source\MUG_Corona\Public\TestInterface.h(12): error C2447: '{': missing function header (old-style formal list?)
C:\GTZA\Games\20003_G_MUG_Coronavirus\Source\MUG_Corona\Public\TestInterface.h(21): error C2059: syntax error: 'user-defined literal'
C:\GTZA\Games\20003_G_MUG_Coronavirus\Source\MUG_Corona\Public\TestInterface.h(21): error C2238: unexpected token(s) preceding ';'
    [4/14] MapGen.cpp
C:\GTZA\Games\20003_G_MUG_Coronavirus\Intermediate\Build\Win64\UE4Editor\Inc\MUG_Corona\MapGen.generated.h(18): error C2007: #define syntax
C:\GTZA\Games\20003_G_MUG_Coronavirus\Intermediate\Build\Win64\UE4Editor\Inc\MUG_Corona\MapGen.generated.h(31): error C2007: #define syntax
C:\GTZA\Games\20003_G_MUG_Coronavirus\Intermediate\Build\Win64\UE4Editor\Inc\MUG_Corona\MapGen.generated.h(44): error C2007: #define syntax
C:\GTZA\Games\20003_G_MUG_Coronavirus\Intermediate\Build\Win64\UE4Editor\Inc\MUG_Corona\MapGen.generated.h(53): error C2007: #define syntax
C:\GTZA\Games\20003_G_MUG_Coronavirus\Intermediate\Build\Win64\UE4Editor\Inc\MUG_Corona\MapGen.generated.h(62): error C2007: #define syntax
C:\GTZA\Games\20003_G_MUG_Coronavirus\Intermediate\Build\Win64\UE4Editor\Inc\MUG_Corona\MapGen.generated.h(75): error C2007: #define syntax
C:\GTZA\Games\20003_G_MUG_Coronavirus\Intermediate\Build\Win64\UE4Editor\Inc\MUG_Corona\MapGen.generated.h(86): error C2007: #define syntax
C:\GTZA\Games\20003_G_MUG_Coronavirus\Intermediate\Build\Win64\UE4Editor\Inc\MUG_Corona\MapGen.generated.h(87): error C2007: #define syntax
C:\GTZA\Games\20003_G_MUG_Coronavirus\Intermediate\Build\Win64\UE4Editor\Inc\MUG_Corona\MapGen.generated.h(88): error C2007: #define syntax
C:\GTZA\Games\20003_G_MUG_Coronavirus\Intermediate\Build\Win64\UE4Editor\Inc\MUG_Corona\MapGen.generated.h(99): error C2007: #define syntax
C:\GTZA\Games\20003_G_MUG_Coronavirus\Source\MUG_Corona\Public\MapGen.h(9): error C2059: syntax error: 'user-defined literal'
C:\GTZA\Games\20003_G_MUG_Coronavirus\Source\MUG_Corona\Public\MapGen.h(10): error C2059: syntax error: 'public'
C:\GTZA\Games\20003_G_MUG_Coronavirus\Source\MUG_Corona\Public\MapGen.h(11): error C2143: syntax error: missing ';' before '{'
C:\GTZA\Games\20003_G_MUG_Coronavirus\Source\MUG_Corona\Public\MapGen.h(11): error C2447: '{': missing function header (old-style formal list?)
C:\GTZA\Games\20003_G_MUG_Coronavirus\Source\MUG_Corona\Private\MapGen.cpp(9): error C2039: '{ctor}': is not a member of 'AMapGen'
    C:\GTZA\Games\20003_G_MUG_Coronavirus\Source\MUG_Corona\Public\MapGen.h(10): note: see declaration of 'AMapGen'
C:\GTZA\Games\20003_G_MUG_Coronavirus\Source\MUG_Corona\Private\MapGen.cpp(10): error C4430: missing type specifier - int assumed. Note: C++ does not support default-int
C:\GTZA\Games\20003_G_MUG_Coronavirus\Source\MUG_Corona\Private\MapGen.cpp(12): error C2065: 'PrimaryActorTick': undeclared identifier
C:\GTZA\Games\20003_G_MUG_Coronavirus\Source\MUG_Corona\Private\MapGen.cpp(14): error C4508: '{ctor}': function should return a value; 'void' return type assumed
C:\GTZA\Games\20003_G_MUG_Coronavirus\Source\MUG_Corona\Private\MapGen.cpp(17): error C2039: 'BeginPlay': is not a member of 'AMapGen'
    C:\GTZA\Games\20003_G_MUG_Coronavirus\Source\MUG_Corona\Public\MapGen.h(10): note: see declaration of 'AMapGen'
C:\GTZA\Games\20003_G_MUG_Coronavirus\Source\MUG_Corona\Private\MapGen.cpp(19): error C2653: 'Super': is not a class or namespace name
C:\GTZA\Games\20003_G_MUG_Coronavirus\Source\MUG_Corona\Private\MapGen.cpp(24): error C2039: 'Tick': is not a member of 'AMapGen'
    C:\GTZA\Games\20003_G_MUG_Coronavirus\Source\MUG_Corona\Public\MapGen.h(10): note: see declaration of 'AMapGen'
C:\GTZA\Games\20003_G_MUG_Coronavirus\Source\MUG_Corona\Private\MapGen.cpp(26): error C2653: 'Super': is not a class or namespace name
C:\GTZA\Games\20003_G_MUG_Coronavirus\Source\MUG_Corona\Private\MapGen.cpp(30): error C2039: 'spawnObject': is not a member of 'AMapGen'
    C:\GTZA\Games\20003_G_MUG_Coronavirus\Source\MUG_Corona\Public\MapGen.h(10): note: see declaration of 'AMapGen'
C:\GTZA\Games\20003_G_MUG_Coronavirus\Source\MUG_Corona\Private\MapGen.cpp(34): error C2065: 'tileToSpawn': undeclared identifier
C:\GTZA\Games\20003_G_MUG_Coronavirus\Source\MUG_Corona\Private\MapGen.cpp(39): error C3861: 'GetWorld': identifier not found
C:\GTZA\Games\20003_G_MUG_Coronavirus\Source\MUG_Corona\Private\MapGen.cpp(39): error C2065: 'tileToSpawn': undeclared identifier
    [5/14] TileAlgorithm.cpp
C:\GTZA\Games\20003_G_MUG_Coronavirus\Intermediate\Build\Win64\UE4Editor\Inc\MUG_Corona\TileAlgorithm.generated.h(16): error C2007: #define syntax
C:\GTZA\Games\20003_G_MUG_Coronavirus\Intermediate\Build\Win64\UE4Editor\Inc\MUG_Corona\TileAlgorithm.generated.h(28): error C2007: #define syntax
C:\GTZA\Games\20003_G_MUG_Coronavirus\Intermediate\Build\Win64\UE4Editor\Inc\MUG_Corona\TileAlgorithm.generated.h(40): error C2007: #define syntax
C:\GTZA\Games\20003_G_MUG_Coronavirus\Intermediate\Build\Win64\UE4Editor\Inc\MUG_Corona\TileAlgorithm.generated.h(49): error C2007: #define syntax
C:\GTZA\Games\20003_G_MUG_Coronavirus\Intermediate\Build\Win64\UE4Editor\Inc\MUG_Corona\TileAlgorithm.generated.h(58): error C2007: #define syntax
C:\GTZA\Games\20003_G_MUG_Coronavirus\Intermediate\Build\Win64\UE4Editor\Inc\MUG_Corona\TileAlgorithm.generated.h(71): error C2007: #define syntax
C:\GTZA\Games\20003_G_MUG_Coronavirus\Intermediate\Build\Win64\UE4Editor\Inc\MUG_Corona\TileAlgorithm.generated.h(84): error C2007: #define syntax
C:\GTZA\Games\20003_G_MUG_Coronavirus\Intermediate\Build\Win64\UE4Editor\Inc\MUG_Corona\TileAlgorithm.generated.h(85): error C2007: #define syntax
C:\GTZA\Games\20003_G_MUG_Coronavirus\Intermediate\Build\Win64\UE4Editor\Inc\MUG_Corona\TileAlgorithm.generated.h(86): error C2007: #define syntax
C:\GTZA\Games\20003_G_MUG_Coronavirus\Intermediate\Build\Win64\UE4Editor\Inc\MUG_Corona\TileAlgorithm.generated.h(97): error C2007: #define syntax
C:\GTZA\Games\20003_G_MUG_Coronavirus\Source\MUG_Corona\Public\TileAlgorithm.h(11): error C2059: syntax error: 'user-defined literal'
C:\GTZA\Games\20003_G_MUG_Coronavirus\Source\MUG_Corona\Public\TileAlgorithm.h(12): error C2059: syntax error: 'public'
C:\GTZA\Games\20003_G_MUG_Coronavirus\Source\MUG_Corona\Public\TileAlgorithm.h(12): error C2143: syntax error: missing ';' before '{'
C:\GTZA\Games\20003_G_MUG_Coronavirus\Source\MUG_Corona\Public\TileAlgorithm.h(12): error C2447: '{': missing function header (old-style formal list?)
C:\GTZA\Games\20003_G_MUG_Coronavirus\Source\MUG_Corona\Private\TileAlgorithm.cpp(7): error C2039: 'getTile': is not a member of 'UTileAlgorithm'
    C:\GTZA\Games\20003_G_MUG_Coronavirus\Source\MUG_Corona\Public\TileAlgorithm.h(12): note: see declaration of 'UTileAlgorithm'
    [6/14] MapGen.gen.cpp
c:\gtza\games\20003_g_mug_coronavirus\intermediate\build\win64\ue4editor\inc\mug_corona\MapGen.generated.h(18): error C2007: #define syntax
c:\gtza\games\20003_g_mug_coronavirus\intermediate\build\win64\ue4editor\inc\mug_corona\MapGen.generated.h(31): error C2007: #define syntax
c:\gtza\games\20003_g_mug_coronavirus\intermediate\build\win64\ue4editor\inc\mug_corona\MapGen.generated.h(44): error C2007: #define syntax
c:\gtza\games\20003_g_mug_coronavirus\intermediate\build\win64\ue4editor\inc\mug_corona\MapGen.generated.h(53): error C2007: #define syntax
c:\gtza\games\20003_g_mug_coronavirus\intermediate\build\win64\ue4editor\inc\mug_corona\MapGen.generated.h(62): error C2007: #define syntax
c:\gtza\games\20003_g_mug_coronavirus\intermediate\build\win64\ue4editor\inc\mug_corona\MapGen.generated.h(75): error C2007: #define syntax
c:\gtza\games\20003_g_mug_coronavirus\intermediate\build\win64\ue4editor\inc\mug_corona\MapGen.generated.h(86): error C2007: #define syntax
c:\gtza\games\20003_g_mug_coronavirus\intermediate\build\win64\ue4editor\inc\mug_corona\MapGen.generated.h(87): error C2007: #define syntax
c:\gtza\games\20003_g_mug_coronavirus\intermediate\build\win64\ue4editor\inc\mug_corona\MapGen.generated.h(88): error C2007: #define syntax
c:\gtza\games\20003_g_mug_coronavirus\intermediate\build\win64\ue4editor\inc\mug_corona\MapGen.generated.h(99): error C2007: #define syntax
C:\GTZA\Games\20003_G_MUG_Coronavirus\Source\MUG_Corona/Public/MapGen.h(9): error C2059: syntax error: 'user-defined literal'
C:\GTZA\Games\20003_G_MUG_Coronavirus\Source\MUG_Corona/Public/MapGen.h(10): error C2059: syntax error: 'public'
C:\GTZA\Games\20003_G_MUG_Coronavirus\Source\MUG_Corona/Public/MapGen.h(11): error C2143: syntax error: missing ';' before '{'
C:\GTZA\Games\20003_G_MUG_Coronavirus\Source\MUG_Corona/Public/MapGen.h(11): error C2447: '{': missing function header (old-style formal list?)
C:\GTZA\Games\20003_G_MUG_Coronavirus\Intermediate\Build\Win64\UE4Editor\Inc\MUG_Corona\MapGen.gen.cpp(26): error C2039: 'StaticRegisterNativesAMapGen': is not a member of 'AMapGen'
    C:\GTZA\Games\20003_G_MUG_Coronavirus\Source\MUG_Corona/Public/MapGen.h(10): note: see declaration of 'AMapGen'
C:\GTZA\Games\20003_G_MUG_Coronavirus\Intermediate\Build\Win64\UE4Editor\Inc\MUG_Corona\MapGen.gen.cpp(28): error C2039: 'StaticClass': is not a member of 'AMapGen'
    C:\GTZA\Games\20003_G_MUG_Coronavirus\Source\MUG_Corona/Public/MapGen.h(10): note: see declaration of 'AMapGen'
C:\GTZA\Games\20003_G_MUG_Coronavirus\Intermediate\Build\Win64\UE4Editor\Inc\MUG_Corona\MapGen.gen.cpp(28): error C2672: 'StaticClass': no matching overloaded function found
C:\GTZA\Games\20003_G_MUG_Coronavirus\Intermediate\Build\Win64\UE4Editor\Inc\MUG_Corona\MapGen.gen.cpp(28): error C2783: 'UClass *StaticClass(void)': could not deduce template argument for 'ClassType'
    C:\Program Files\Epic Games\UE_4.22\Engine\Source\Runtime\CoreUObject\Public\UObject/ReflectedTypeAccessors.h(13): note: see declaration of 'StaticClass'
C:\GTZA\Games\20003_G_MUG_Coronavirus\Intermediate\Build\Win64\UE4Editor\Inc\MUG_Corona\MapGen.gen.cpp(30): error C2039: 'execspawnObject': is not a member of 'AMapGen'
    C:\GTZA\Games\20003_G_MUG_Coronavirus\Source\MUG_Corona/Public/MapGen.h(10): note: see declaration of 'AMapGen'
C:\GTZA\Games\20003_G_MUG_Coronavirus\Intermediate\Build\Win64\UE4Editor\Inc\MUG_Corona\MapGen.gen.cpp(30): error C2065: 'execspawnObject': undeclared identifier
C:\GTZA\Games\20003_G_MUG_Coronavirus\Intermediate\Build\Win64\UE4Editor\Inc\MUG_Corona\MapGen.gen.cpp(82): error C2039: 'StaticClass': is not a member of 'AMapGen'
    C:\GTZA\Games\20003_G_MUG_Coronavirus\Source\MUG_Corona/Public/MapGen.h(10): note: see declaration of 'AMapGen'
C:\GTZA\Games\20003_G_MUG_Coronavirus\Intermediate\Build\Win64\UE4Editor\Inc\MUG_Corona\MapGen.gen.cpp(82): error C2672: 'StaticClass': no matching overloaded function found
C:\GTZA\Games\20003_G_MUG_Coronavirus\Intermediate\Build\Win64\UE4Editor\Inc\MUG_Corona\MapGen.gen.cpp(82): error C2783: 'UClass *StaticClass(void)': could not deduce template argument for 'ClassType'
    C:\Program Files\Epic Games\UE_4.22\Engine\Source\Runtime\CoreUObject\Public\UObject/ReflectedTypeAccessors.h(13): note: see declaration of 'StaticClass'
C:\GTZA\Games\20003_G_MUG_Coronavirus\Intermediate\Build\Win64\UE4Editor\Inc\MUG_Corona\MapGen.gen.cpp(118): error C2027: use of undefined type 'AMapGen'
    C:\GTZA\Games\20003_G_MUG_Coronavirus\Source\MUG_Corona/Public/MapGen.h(10): note: see declaration of 'AMapGen'
C:\GTZA\Games\20003_G_MUG_Coronavirus\Intermediate\Build\Win64\UE4Editor\Inc\MUG_Corona\MapGen.gen.cpp(118): error C2618: illegal member designator in offsetof
    C:\GTZA\Games\20003_G_MUG_Coronavirus\Intermediate\Build\Win64\UE4Editor\Inc\MUG_Corona\MapGen.gen.cpp(118): note: offsetof has a builtin meaning; use /Zc:offsetof- to revert to old, non-conforming definition
C:\Program Files\Epic Games\UE_4.22\Engine\Source\Runtime\Core\Public\Templates/IsAbstract.h(11): error C2139: 'AMapGen': an undefined class is not allowed as an argument to compiler intrinsic type trait '__is_abstract'
    C:\GTZA\Games\20003_G_MUG_Coronavirus\Source\MUG_Corona/Public/MapGen.h(10): note: see declaration of 'AMapGen'
    C:\Program Files\Epic Games\UE_4.22\Engine\Source\Runtime\CoreUObject\Public\UObject/Class.h(2071): note: see reference to class template instantiation 'TIsAbstract<CPPCLASS>' being compiled
            with
            [
                CPPCLASS=AMapGen
            ]
    C:\GTZA\Games\20003_G_MUG_Coronavirus\Intermediate\Build\Win64\UE4Editor\Inc\MUG_Corona\MapGen.gen.cpp(123): note: see reference to class template instantiation 'TCppClassTypeTraits<AMapGen>' being compiled
C:\GTZA\Games\20003_G_MUG_Coronavirus\Intermediate\Build\Win64\UE4Editor\Inc\MUG_Corona\MapGen.gen.cpp(126): error C2039: 'StaticClass': is not a member of 'AMapGen'
    C:\GTZA\Games\20003_G_MUG_Coronavirus\Source\MUG_Corona/Public/MapGen.h(10): note: see declaration of 'AMapGen'
C:\GTZA\Games\20003_G_MUG_Coronavirus\Intermediate\Build\Win64\UE4Editor\Inc\MUG_Corona\MapGen.gen.cpp(126): error C2078: too many initializers
C:\GTZA\Games\20003_G_MUG_Coronavirus\Intermediate\Build\Win64\UE4Editor\Inc\MUG_Corona\MapGen.gen.cpp(139): error C2440: 'initializing': cannot convert from 'overloaded-function' to 'UClass *(__cdecl *)(void)'
    C:\GTZA\Games\20003_G_MUG_Coronavirus\Intermediate\Build\Win64\UE4Editor\Inc\MUG_Corona\MapGen.gen.cpp(139): note: None of the functions with this name in scope match the target type
C:\GTZA\Games\20003_G_MUG_Coronavirus\Intermediate\Build\Win64\UE4Editor\Inc\MUG_Corona\MapGen.gen.cpp(149): error C2027: use of undefined type 'AMapGen'
    C:\GTZA\Games\20003_G_MUG_Coronavirus\Source\MUG_Corona/Public/MapGen.h(10): note: see declaration of 'AMapGen'
C:\GTZA\Games\20003_G_MUG_Coronavirus\Intermediate\Build\Win64\UE4Editor\Inc\MUG_Corona\MapGen.gen.cpp(149): error C2039: 'GetPrivateStaticClass': is not a member of 'AMapGen'
    C:\GTZA\Games\20003_G_MUG_Coronavirus\Source\MUG_Corona/Public/MapGen.h(10): note: see declaration of 'AMapGen'
C:\GTZA\Games\20003_G_MUG_Coronavirus\Intermediate\Build\Win64\UE4Editor\Inc\MUG_Corona\MapGen.gen.cpp(149): error C3861: 'StaticPackage': identifier not found
C:\GTZA\Games\20003_G_MUG_Coronavirus\Intermediate\Build\Win64\UE4Editor\Inc\MUG_Corona\MapGen.gen.cpp(149): error C2065: 'StaticClassFlags': undeclared identifier
C:\GTZA\Games\20003_G_MUG_Coronavirus\Intermediate\Build\Win64\UE4Editor\Inc\MUG_Corona\MapGen.gen.cpp(149): error C2039: 'StaticClassFlags': is not a member of 'AMapGen'
    C:\GTZA\Games\20003_G_MUG_Coronavirus\Source\MUG_Corona/Public/MapGen.h(10): note: see declaration of 'AMapGen'
C:\GTZA\Games\20003_G_MUG_Coronavirus\Intermediate\Build\Win64\UE4Editor\Inc\MUG_Corona\MapGen.gen.cpp(149): error C2039: 'StaticClassCastFlags': is not a member of 'AMapGen'
    C:\GTZA\Games\20003_G_MUG_Coronavirus\Source\MUG_Corona/Public/MapGen.h(10): note: see declaration of 'AMapGen'
C:\GTZA\Games\20003_G_MUG_Coronavirus\Intermediate\Build\Win64\UE4Editor\Inc\MUG_Corona\MapGen.gen.cpp(149): error C3861: 'StaticClassCastFlags': identifier not found
C:\GTZA\Games\20003_G_MUG_Coronavirus\Intermediate\Build\Win64\UE4Editor\Inc\MUG_Corona\MapGen.gen.cpp(149): error C2039: 'StaticConfigName': is not a member of 'AMapGen'
    C:\GTZA\Games\20003_G_MUG_Coronavirus\Source\MUG_Corona/Public/MapGen.h(10): note: see declaration of 'AMapGen'
C:\GTZA\Games\20003_G_MUG_Coronavirus\Intermediate\Build\Win64\UE4Editor\Inc\MUG_Corona\MapGen.gen.cpp(149): error C3861: 'StaticConfigName': identifier not found
C:\GTZA\Games\20003_G_MUG_Coronavirus\Intermediate\Build\Win64\UE4Editor\Inc\MUG_Corona\MapGen.gen.cpp(149): error C2039: 'AddReferencedObjects': is not a member of 'AMapGen'
    C:\GTZA\Games\20003_G_MUG_Coronavirus\Source\MUG_Corona/Public/MapGen.h(10): note: see declaration of 'AMapGen'
C:\GTZA\Games\20003_G_MUG_Coronavirus\Intermediate\Build\Win64\UE4Editor\Inc\MUG_Corona\MapGen.gen.cpp(149): error C2065: 'AddReferencedObjects': undeclared identifier
C:\GTZA\Games\20003_G_MUG_Coronavirus\Intermediate\Build\Win64\UE4Editor\Inc\MUG_Corona\MapGen.gen.cpp(149): error C3083: 'Super': the symbol to the left of a '::' must be a type
C:\GTZA\Games\20003_G_MUG_Coronavirus\Intermediate\Build\Win64\UE4Editor\Inc\MUG_Corona\MapGen.gen.cpp(149): error C2039: 'StaticClass': is not a member of 'AMapGen'
    C:\GTZA\Games\20003_G_MUG_Coronavirus\Source\MUG_Corona/Public/MapGen.h(10): note: see declaration of 'AMapGen'
C:\GTZA\Games\20003_G_MUG_Coronavirus\Intermediate\Build\Win64\UE4Editor\Inc\MUG_Corona\MapGen.gen.cpp(149): error C3083: 'WithinClass': the symbol to the left of a '::' must be a type
C:\GTZA\Games\20003_G_MUG_Coronavirus\Intermediate\Build\Win64\UE4Editor\Inc\MUG_Corona\MapGen.gen.cpp(152): error C2039: 'StaticClass': is not a member of 'AMapGen'
    C:\GTZA\Games\20003_G_MUG_Coronavirus\Source\MUG_Corona/Public/MapGen.h(10): note: see declaration of 'AMapGen'
C:\GTZA\Games\20003_G_MUG_Coronavirus\Intermediate\Build\Win64\UE4Editor\Inc\MUG_Corona\MapGen.gen.cpp(152): error C2672: 'StaticClass': no matching overloaded function found
C:\GTZA\Games\20003_G_MUG_Coronavirus\Intermediate\Build\Win64\UE4Editor\Inc\MUG_Corona\MapGen.gen.cpp(152): error C2783: 'UClass *StaticClass(void)': could not deduce template argument for 'ClassType'
    C:\Program Files\Epic Games\UE_4.22\Engine\Source\Runtime\CoreUObject\Public\UObject/ReflectedTypeAccessors.h(13): note: see declaration of 'StaticClass'
C:\GTZA\Games\20003_G_MUG_Coronavirus\Intermediate\Build\Win64\UE4Editor\Inc\MUG_Corona\MapGen.gen.cpp(154): error C2039: 'StaticClass': is not a member of 'AMapGen'
    C:\GTZA\Games\20003_G_MUG_Coronavirus\Source\MUG_Corona/Public/MapGen.h(10): note: see declaration of 'AMapGen'
C:\GTZA\Games\20003_G_MUG_Coronavirus\Intermediate\Build\Win64\UE4Editor\Inc\MUG_Corona\MapGen.gen.cpp(154): error C2664: 'FCompiledInDefer::FCompiledInDefer(FCompiledInDefer &&)': cannot convert argument 2 from 'UClass *(__cdecl *)(void)' to 'UClass *(__cdecl *)(void)'
    C:\GTZA\Games\20003_G_MUG_Coronavirus\Intermediate\Build\Win64\UE4Editor\Inc\MUG_Corona\MapGen.gen.cpp(154): note: None of the functions with this name in scope match the target type
C:\GTZA\Games\20003_G_MUG_Coronavirus\Intermediate\Build\Win64\UE4Editor\Inc\MUG_Corona\MapGen.gen.cpp(155): error C2039: '{ctor}': is not a member of 'AMapGen'
    C:\GTZA\Games\20003_G_MUG_Coronavirus\Source\MUG_Corona/Public/MapGen.h(10): note: see declaration of 'AMapGen'
C:\GTZA\Games\20003_G_MUG_Coronavirus\Intermediate\Build\Win64\UE4Editor\Inc\MUG_Corona\MapGen.gen.cpp(155): error C4430: missing type specifier - int assumed. Note: C++ does not support default-int
C:\GTZA\Games\20003_G_MUG_Coronavirus\Intermediate\Build\Win64\UE4Editor\Inc\MUG_Corona\MapGen.gen.cpp(155): error C2550: '{ctor}': constructor initializer lists are only allowed on constructor definitions
C:\GTZA\Games\20003_G_MUG_Coronavirus\Intermediate\Build\Win64\UE4Editor\Inc\MUG_Corona\MapGen.gen.cpp(155): error C4508: '{ctor}': function should return a value; 'void' return type assumed
    [7/14] MoreAlgo.cpp
    [8/14] TestInterface.gen.cpp
c:\gtza\games\20003_g_mug_coronavirus\intermediate\build\win64\ue4editor\inc\mug_corona\TestInterface.generated.h(16): error C2007: #define syntax
c:\gtza\games\20003_g_mug_coronavirus\intermediate\build\win64\ue4editor\inc\mug_corona\TestInterface.generated.h(28): error C2007: #define syntax
c:\gtza\games\20003_g_mug_coronavirus\intermediate\build\win64\ue4editor\inc\mug_corona\TestInterface.generated.h(40): error C2007: #define syntax
c:\gtza\games\20003_g_mug_coronavirus\intermediate\build\win64\ue4editor\inc\mug_corona\TestInterface.generated.h(53): error C2007: #define syntax
c:\gtza\games\20003_g_mug_coronavirus\intermediate\build\win64\ue4editor\inc\mug_corona\TestInterface.generated.h(54): error C2007: #define syntax
c:\gtza\games\20003_g_mug_coronavirus\intermediate\build\win64\ue4editor\inc\mug_corona\TestInterface.generated.h(67): error C2007: #define syntax
c:\gtza\games\20003_g_mug_coronavirus\intermediate\build\win64\ue4editor\inc\mug_corona\TestInterface.generated.h(80): error C2007: #define syntax
c:\gtza\games\20003_g_mug_coronavirus\intermediate\build\win64\ue4editor\inc\mug_corona\TestInterface.generated.h(89): error C2007: #define syntax
c:\gtza\games\20003_g_mug_coronavirus\intermediate\build\win64\ue4editor\inc\mug_corona\TestInterface.generated.h(96): error C2007: #define syntax
c:\gtza\games\20003_g_mug_coronavirus\intermediate\build\win64\ue4editor\inc\mug_corona\TestInterface.generated.h(104): error C2007: #define syntax
c:\gtza\games\20003_g_mug_coronavirus\intermediate\build\win64\ue4editor\inc\mug_corona\TestInterface.generated.h(114): error C2007: #define syntax
c:\gtza\games\20003_g_mug_coronavirus\intermediate\build\win64\ue4editor\inc\mug_corona\TestInterface.generated.h(124): error C2007: #define syntax
c:\gtza\games\20003_g_mug_coronavirus\intermediate\build\win64\ue4editor\inc\mug_corona\TestInterface.generated.h(128): error C2007: #define syntax
c:\gtza\games\20003_g_mug_coronavirus\intermediate\build\win64\ue4editor\inc\mug_corona\TestInterface.generated.h(138): error C2007: #define syntax
C:\GTZA\Games\20003_G_MUG_Coronavirus\Source\MUG_Corona/Public/TestInterface.h(10): error C2059: syntax error: 'user-defined literal'
C:\GTZA\Games\20003_G_MUG_Coronavirus\Source\MUG_Corona/Public/TestInterface.h(11): error C2059: syntax error: 'public'
C:\GTZA\Games\20003_G_MUG_Coronavirus\Source\MUG_Corona/Public/TestInterface.h(12): error C2143: syntax error: missing ';' before '{'
C:\GTZA\Games\20003_G_MUG_Coronavirus\Source\MUG_Corona/Public/TestInterface.h(12): error C2447: '{': missing function header (old-style formal list?)
C:\GTZA\Games\20003_G_MUG_Coronavirus\Source\MUG_Corona/Public/TestInterface.h(21): error C2059: syntax error: 'user-defined literal'
C:\GTZA\Games\20003_G_MUG_Coronavirus\Source\MUG_Corona/Public/TestInterface.h(21): error C2238: unexpected token(s) preceding ';'
C:\GTZA\Games\20003_G_MUG_Coronavirus\Intermediate\Build\Win64\UE4Editor\Inc\MUG_Corona\TestInterface.gen.cpp(25): error C2065: 'TestInterface_eventexposedFunction_Parms': undeclared identifier
C:\GTZA\Games\20003_G_MUG_Coronavirus\Intermediate\Build\Win64\UE4Editor\Inc\MUG_Corona\TestInterface.gen.cpp(25): error C2146: syntax error: missing ';' before identifier 'Parms'
C:\GTZA\Games\20003_G_MUG_Coronavirus\Intermediate\Build\Win64\UE4Editor\Inc\MUG_Corona\TestInterface.gen.cpp(25): error C2065: 'Parms': undeclared identifier
C:\GTZA\Games\20003_G_MUG_Coronavirus\Intermediate\Build\Win64\UE4Editor\Inc\MUG_Corona\TestInterface.gen.cpp(26): error C2065: 'Parms': undeclared identifier
C:\GTZA\Games\20003_G_MUG_Coronavirus\Intermediate\Build\Win64\UE4Editor\Inc\MUG_Corona\TestInterface.gen.cpp(28): error C2039: 'StaticRegisterNativesUTestInterface': is not a member of 'UTestInterface'
    C:\GTZA\Games\20003_G_MUG_Coronavirus\Source\MUG_Corona/Public/TestInterface.h(11): note: see declaration of 'UTestInterface'
C:\GTZA\Games\20003_G_MUG_Coronavirus\Intermediate\Build\Win64\UE4Editor\Inc\MUG_Corona\TestInterface.gen.cpp(30): error C2039: 'StaticClass': is not a member of 'UTestInterface'
    C:\GTZA\Games\20003_G_MUG_Coronavirus\Source\MUG_Corona/Public/TestInterface.h(11): note: see declaration of 'UTestInterface'
C:\GTZA\Games\20003_G_MUG_Coronavirus\Intermediate\Build\Win64\UE4Editor\Inc\MUG_Corona\TestInterface.gen.cpp(30): error C2672: 'StaticClass': no matching overloaded function found
C:\GTZA\Games\20003_G_MUG_Coronavirus\Intermediate\Build\Win64\UE4Editor\Inc\MUG_Corona\TestInterface.gen.cpp(30): error C2783: 'UClass *StaticClass(void)': could not deduce template argument for 'ClassType'
    C:\Program Files\Epic Games\UE_4.22\Engine\Source\Runtime\CoreUObject\Public\UObject/ReflectedTypeAccessors.h(13): note: see declaration of 'StaticClass'
C:\GTZA\Games\20003_G_MUG_Coronavirus\Intermediate\Build\Win64\UE4Editor\Inc\MUG_Corona\TestInterface.gen.cpp(32): error C2039: 'execexposedFunction': is not a member of 'ITestInterface'
    C:\GTZA\Games\20003_G_MUG_Coronavirus\Source\MUG_Corona/Public/TestInterface.h(19): note: see declaration of 'ITestInterface'
C:\GTZA\Games\20003_G_MUG_Coronavirus\Intermediate\Build\Win64\UE4Editor\Inc\MUG_Corona\TestInterface.gen.cpp(32): error C2065: 'execexposedFunction': undeclared identifier
C:\GTZA\Games\20003_G_MUG_Coronavirus\Intermediate\Build\Win64\UE4Editor\Inc\MUG_Corona\TestInterface.gen.cpp(45): error C2132: syntax error: unexpected identifier
    C:\GTZA\Games\20003_G_MUG_Coronavirus\Intermediate\Build\Win64\UE4Editor\Inc\MUG_Corona\TestInterface.gen.cpp(45): note: offsetof has a builtin meaning; use /Zc:offsetof- to revert to old, non-conforming definition
C:\GTZA\Games\20003_G_MUG_Coronavirus\Intermediate\Build\Win64\UE4Editor\Inc\MUG_Corona\TestInterface.gen.cpp(55): error C2065: 'TestInterface_eventexposedFunction_Parms': undeclared identifier
C:\GTZA\Games\20003_G_MUG_Coronavirus\Intermediate\Build\Win64\UE4Editor\Inc\MUG_Corona\TestInterface.gen.cpp(67): error C2039: 'StaticClass': is not a member of 'UTestInterface'
    C:\GTZA\Games\20003_G_MUG_Coronavirus\Source\MUG_Corona/Public/TestInterface.h(11): note: see declaration of 'UTestInterface'
C:\GTZA\Games\20003_G_MUG_Coronavirus\Intermediate\Build\Win64\UE4Editor\Inc\MUG_Corona\TestInterface.gen.cpp(67): error C2672: 'StaticClass': no matching overloaded function found
C:\GTZA\Games\20003_G_MUG_Coronavirus\Intermediate\Build\Win64\UE4Editor\Inc\MUG_Corona\TestInterface.gen.cpp(67): error C2783: 'UClass *StaticClass(void)': could not deduce template argument for 'ClassType'
    C:\Program Files\Epic Games\UE_4.22\Engine\Source\Runtime\CoreUObject\Public\UObject/ReflectedTypeAccessors.h(13): note: see declaration of 'StaticClass'
C:\GTZA\Games\20003_G_MUG_Coronavirus\Intermediate\Build\Win64\UE4Editor\Inc\MUG_Corona\TestInterface.gen.cpp(95): error C2039: 'StaticClass': is not a member of 'UTestInterface'
    C:\GTZA\Games\20003_G_MUG_Coronavirus\Source\MUG_Corona/Public/TestInterface.h(11): note: see declaration of 'UTestInterface'
C:\GTZA\Games\20003_G_MUG_Coronavirus\Intermediate\Build\Win64\UE4Editor\Inc\MUG_Corona\TestInterface.gen.cpp(95): error C2078: too many initializers
C:\GTZA\Games\20003_G_MUG_Coronavirus\Intermediate\Build\Win64\UE4Editor\Inc\MUG_Corona\TestInterface.gen.cpp(108): error C2440: 'initializing': cannot convert from 'overloaded-function' to 'UClass *(__cdecl *)(void)'
    C:\GTZA\Games\20003_G_MUG_Coronavirus\Intermediate\Build\Win64\UE4Editor\Inc\MUG_Corona\TestInterface.gen.cpp(108): note: None of the functions with this name in scope match the target type
C:\GTZA\Games\20003_G_MUG_Coronavirus\Intermediate\Build\Win64\UE4Editor\Inc\MUG_Corona\TestInterface.gen.cpp(118): error C2027: use of undefined type 'UTestInterface'
    C:\GTZA\Games\20003_G_MUG_Coronavirus\Source\MUG_Corona/Public/TestInterface.h(11): note: see declaration of 'UTestInterface'
C:\GTZA\Games\20003_G_MUG_Coronavirus\Intermediate\Build\Win64\UE4Editor\Inc\MUG_Corona\TestInterface.gen.cpp(118): error C2039: 'GetPrivateStaticClass': is not a member of 'UTestInterface'
    C:\GTZA\Games\20003_G_MUG_Coronavirus\Source\MUG_Corona/Public/TestInterface.h(11): note: see declaration of 'UTestInterface'
C:\GTZA\Games\20003_G_MUG_Coronavirus\Intermediate\Build\Win64\UE4Editor\Inc\MUG_Corona\TestInterface.gen.cpp(118): error C3861: 'StaticPackage': identifier not found
C:\GTZA\Games\20003_G_MUG_Coronavirus\Intermediate\Build\Win64\UE4Editor\Inc\MUG_Corona\TestInterface.gen.cpp(118): error C2065: 'StaticClassFlags': undeclared identifier
C:\GTZA\Games\20003_G_MUG_Coronavirus\Intermediate\Build\Win64\UE4Editor\Inc\MUG_Corona\TestInterface.gen.cpp(118): error C2039: 'StaticClassFlags': is not a member of 'UTestInterface'
    C:\GTZA\Games\20003_G_MUG_Coronavirus\Source\MUG_Corona/Public/TestInterface.h(11): note: see declaration of 'UTestInterface'
C:\GTZA\Games\20003_G_MUG_Coronavirus\Intermediate\Build\Win64\UE4Editor\Inc\MUG_Corona\TestInterface.gen.cpp(118): error C2039: 'StaticClassCastFlags': is not a member of 'UTestInterface'
    C:\GTZA\Games\20003_G_MUG_Coronavirus\Source\MUG_Corona/Public/TestInterface.h(11): note: see declaration of 'UTestInterface'
C:\GTZA\Games\20003_G_MUG_Coronavirus\Intermediate\Build\Win64\UE4Editor\Inc\MUG_Corona\TestInterface.gen.cpp(118): error C3861: 'StaticClassCastFlags': identifier not found
C:\GTZA\Games\20003_G_MUG_Coronavirus\Intermediate\Build\Win64\UE4Editor\Inc\MUG_Corona\TestInterface.gen.cpp(118): error C2039: 'StaticConfigName': is not a member of 'UTestInterface'
    C:\GTZA\Games\20003_G_MUG_Coronavirus\Source\MUG_Corona/Public/TestInterface.h(11): note: see declaration of 'UTestInterface'
C:\GTZA\Games\20003_G_MUG_Coronavirus\Intermediate\Build\Win64\UE4Editor\Inc\MUG_Corona\TestInterface.gen.cpp(118): error C3861: 'StaticConfigName': identifier not found
C:\GTZA\Games\20003_G_MUG_Coronavirus\Intermediate\Build\Win64\UE4Editor\Inc\MUG_Corona\TestInterface.gen.cpp(118): error C2039: 'AddReferencedObjects': is not a member of 'UTestInterface'
    C:\GTZA\Games\20003_G_MUG_Coronavirus\Source\MUG_Corona/Public/TestInterface.h(11): note: see declaration of 'UTestInterface'
C:\GTZA\Games\20003_G_MUG_Coronavirus\Intermediate\Build\Win64\UE4Editor\Inc\MUG_Corona\TestInterface.gen.cpp(118): error C2065: 'AddReferencedObjects': undeclared identifier
C:\GTZA\Games\20003_G_MUG_Coronavirus\Intermediate\Build\Win64\UE4Editor\Inc\MUG_Corona\TestInterface.gen.cpp(118): error C3083: 'Super': the symbol to the left of a '::' must be a type
C:\GTZA\Games\20003_G_MUG_Coronavirus\Intermediate\Build\Win64\UE4Editor\Inc\MUG_Corona\TestInterface.gen.cpp(118): error C2039: 'StaticClass': is not a member of 'UTestInterface'
    C:\GTZA\Games\20003_G_MUG_Coronavirus\Source\MUG_Corona/Public/TestInterface.h(11): note: see declaration of 'UTestInterface'
C:\GTZA\Games\20003_G_MUG_Coronavirus\Intermediate\Build\Win64\UE4Editor\Inc\MUG_Corona\TestInterface.gen.cpp(118): error C3083: 'WithinClass': the symbol to the left of a '::' must be a type
C:\GTZA\Games\20003_G_MUG_Coronavirus\Intermediate\Build\Win64\UE4Editor\Inc\MUG_Corona\TestInterface.gen.cpp(121): error C2039: 'StaticClass': is not a member of 'UTestInterface'
    C:\GTZA\Games\20003_G_MUG_Coronavirus\Source\MUG_Corona/Public/TestInterface.h(11): note: see declaration of 'UTestInterface'
C:\GTZA\Games\20003_G_MUG_Coronavirus\Intermediate\Build\Win64\UE4Editor\Inc\MUG_Corona\TestInterface.gen.cpp(121): error C2672: 'StaticClass': no matching overloaded function found
C:\GTZA\Games\20003_G_MUG_Coronavirus\Intermediate\Build\Win64\UE4Editor\Inc\MUG_Corona\TestInterface.gen.cpp(121): error C2783: 'UClass *StaticClass(void)': could not deduce template argument for 'ClassType'
    C:\Program Files\Epic Games\UE_4.22\Engine\Source\Runtime\CoreUObject\Public\UObject/ReflectedTypeAccessors.h(13): note: see declaration of 'StaticClass'
C:\GTZA\Games\20003_G_MUG_Coronavirus\Intermediate\Build\Win64\UE4Editor\Inc\MUG_Corona\TestInterface.gen.cpp(123): error C2039: 'StaticClass': is not a member of 'UTestInterface'
    C:\GTZA\Games\20003_G_MUG_Coronavirus\Source\MUG_Corona/Public/TestInterface.h(11): note: see declaration of 'UTestInterface'
C:\GTZA\Games\20003_G_MUG_Coronavirus\Intermediate\Build\Win64\UE4Editor\Inc\MUG_Corona\TestInterface.gen.cpp(123): error C2664: 'FCompiledInDefer::FCompiledInDefer(FCompiledInDefer &&)': cannot convert argument 2 from 'UClass *(__cdecl *)(void)' to 'UClass *(__cdecl *)(void)'
    C:\GTZA\Games\20003_G_MUG_Coronavirus\Intermediate\Build\Win64\UE4Editor\Inc\MUG_Corona\TestInterface.gen.cpp(123): note: None of the functions with this name in scope match the target type
C:\GTZA\Games\20003_G_MUG_Coronavirus\Intermediate\Build\Win64\UE4Editor\Inc\MUG_Corona\TestInterface.gen.cpp(124): error C2039: '{ctor}': is not a member of 'UTestInterface'
    C:\GTZA\Games\20003_G_MUG_Coronavirus\Source\MUG_Corona/Public/TestInterface.h(11): note: see declaration of 'UTestInterface'
C:\GTZA\Games\20003_G_MUG_Coronavirus\Intermediate\Build\Win64\UE4Editor\Inc\MUG_Corona\TestInterface.gen.cpp(124): error C4430: missing type specifier - int assumed. Note: C++ does not support default-int
C:\GTZA\Games\20003_G_MUG_Coronavirus\Intermediate\Build\Win64\UE4Editor\Inc\MUG_Corona\TestInterface.gen.cpp(124): error C2550: '{ctor}': constructor initializer lists are only allowed on constructor definitions
C:\GTZA\Games\20003_G_MUG_Coronavirus\Intermediate\Build\Win64\UE4Editor\Inc\MUG_Corona\TestInterface.gen.cpp(124): error C4508: '{ctor}': function should return a value; 'void' return type assumed
C:\GTZA\Games\20003_G_MUG_Coronavirus\Intermediate\Build\Win64\UE4Editor\Inc\MUG_Corona\TestInterface.gen.cpp(125): error C2550: 'void __cdecl `dynamic initializer for 'NAME_UTestInterface_exposedFunction''(void)': constructor initializer lists are only allowed on constructor definitions
C:\GTZA\Games\20003_G_MUG_Coronavirus\Intermediate\Build\Win64\UE4Editor\Inc\MUG_Corona\TestInterface.gen.cpp(126): error C2039: 'Execute_exposedFunction': is not a member of 'ITestInterface'
    C:\GTZA\Games\20003_G_MUG_Coronavirus\Source\MUG_Corona/Public/TestInterface.h(19): note: see declaration of 'ITestInterface'
C:\GTZA\Games\20003_G_MUG_Coronavirus\Intermediate\Build\Win64\UE4Editor\Inc\MUG_Corona\TestInterface.gen.cpp(129): error C2039: 'StaticClass': is not a member of 'UTestInterface'
    C:\GTZA\Games\20003_G_MUG_Coronavirus\Source\MUG_Corona/Public/TestInterface.h(11): note: see declaration of 'UTestInterface'
C:\GTZA\Games\20003_G_MUG_Coronavirus\Intermediate\Build\Win64\UE4Editor\Inc\MUG_Corona\TestInterface.gen.cpp(129): error C2672: 'StaticClass': no matching overloaded function found
C:\GTZA\Games\20003_G_MUG_Coronavirus\Intermediate\Build\Win64\UE4Editor\Inc\MUG_Corona\TestInterface.gen.cpp(129): error C2783: 'UClass *StaticClass(void)': could not deduce template argument for 'ClassType'
    C:\Program Files\Epic Games\UE_4.22\Engine\Source\Runtime\CoreUObject\Public\UObject/ReflectedTypeAccessors.h(13): note: see declaration of 'StaticClass'
C:\GTZA\Games\20003_G_MUG_Coronavirus\Intermediate\Build\Win64\UE4Editor\Inc\MUG_Corona\TestInterface.gen.cpp(130): error C2065: 'TestInterface_eventexposedFunction_Parms': undeclared identifier
C:\GTZA\Games\20003_G_MUG_Coronavirus\Intermediate\Build\Win64\UE4Editor\Inc\MUG_Corona\TestInterface.gen.cpp(130): error C2146: syntax error: missing ';' before identifier 'Parms'
C:\GTZA\Games\20003_G_MUG_Coronavirus\Intermediate\Build\Win64\UE4Editor\Inc\MUG_Corona\TestInterface.gen.cpp(130): error C2065: 'Parms': undeclared identifier
C:\GTZA\Games\20003_G_MUG_Coronavirus\Intermediate\Build\Win64\UE4Editor\Inc\MUG_Corona\TestInterface.gen.cpp(134): error C2065: 'Parms': undeclared identifier
C:\GTZA\Games\20003_G_MUG_Coronavirus\Intermediate\Build\Win64\UE4Editor\Inc\MUG_Corona\TestInterface.gen.cpp(136): error C2039: 'StaticClass': is not a member of 'UTestInterface'
    C:\GTZA\Games\20003_G_MUG_Coronavirus\Source\MUG_Corona/Public/TestInterface.h(11): note: see declaration of 'UTestInterface'
C:\GTZA\Games\20003_G_MUG_Coronavirus\Intermediate\Build\Win64\UE4Editor\Inc\MUG_Corona\TestInterface.gen.cpp(136): error C2672: 'StaticClass': no matching overloaded function found
C:\GTZA\Games\20003_G_MUG_Coronavirus\Intermediate\Build\Win64\UE4Editor\Inc\MUG_Corona\TestInterface.gen.cpp(136): error C2783: 'UClass *StaticClass(void)': could not deduce template argument for 'ClassType'
    C:\Program Files\Epic Games\UE_4.22\Engine\Source\Runtime\CoreUObject\Public\UObject/ReflectedTypeAccessors.h(13): note: see declaration of 'StaticClass'
C:\GTZA\Games\20003_G_MUG_Coronavirus\Intermediate\Build\Win64\UE4Editor\Inc\MUG_Corona\TestInterface.gen.cpp(136): error C3536: 'I': cannot be used before it is initialized
C:\GTZA\Games\20003_G_MUG_Coronavirus\Intermediate\Build\Win64\UE4Editor\Inc\MUG_Corona\TestInterface.gen.cpp(138): error C2065: 'Parms': undeclared identifier
C:\GTZA\Games\20003_G_MUG_Coronavirus\Intermediate\Build\Win64\UE4Editor\Inc\MUG_Corona\TestInterface.gen.cpp(140): error C2065: 'Parms': undeclared identifier
    [9/14] MUG_Corona.cpp
    [10/14] TileAlgorithm.gen.cpp
c:\gtza\games\20003_g_mug_coronavirus\intermediate\build\win64\ue4editor\inc\mug_corona\TileAlgorithm.generated.h(16): error C2007: #define syntax
c:\gtza\games\20003_g_mug_coronavirus\intermediate\build\win64\ue4editor\inc\mug_corona\TileAlgorithm.generated.h(28): error C2007: #define syntax
c:\gtza\games\20003_g_mug_coronavirus\intermediate\build\win64\ue4editor\inc\mug_corona\TileAlgorithm.generated.h(40): error C2007: #define syntax
c:\gtza\games\20003_g_mug_coronavirus\intermediate\build\win64\ue4editor\inc\mug_corona\TileAlgorithm.generated.h(49): error C2007: #define syntax
c:\gtza\games\20003_g_mug_coronavirus\intermediate\build\win64\ue4editor\inc\mug_corona\TileAlgorithm.generated.h(58): error C2007: #define syntax
c:\gtza\games\20003_g_mug_coronavirus\intermediate\build\win64\ue4editor\inc\mug_corona\TileAlgorithm.generated.h(71): error C2007: #define syntax
c:\gtza\games\20003_g_mug_coronavirus\intermediate\build\win64\ue4editor\inc\mug_corona\TileAlgorithm.generated.h(84): error C2007: #define syntax
c:\gtza\games\20003_g_mug_coronavirus\intermediate\build\win64\ue4editor\inc\mug_corona\TileAlgorithm.generated.h(85): error C2007: #define syntax
c:\gtza\games\20003_g_mug_coronavirus\intermediate\build\win64\ue4editor\inc\mug_corona\TileAlgorithm.generated.h(86): error C2007: #define syntax
c:\gtza\games\20003_g_mug_coronavirus\intermediate\build\win64\ue4editor\inc\mug_corona\TileAlgorithm.generated.h(97): error C2007: #define syntax
C:\GTZA\Games\20003_G_MUG_Coronavirus\Source\MUG_Corona/Public/TileAlgorithm.h(11): error C2059: syntax error: 'user-defined literal'
C:\GTZA\Games\20003_G_MUG_Coronavirus\Source\MUG_Corona/Public/TileAlgorithm.h(12): error C2059: syntax error: 'public'
C:\GTZA\Games\20003_G_MUG_Coronavirus\Source\MUG_Corona/Public/TileAlgorithm.h(12): error C2143: syntax error: missing ';' before '{'
C:\GTZA\Games\20003_G_MUG_Coronavirus\Source\MUG_Corona/Public/TileAlgorithm.h(12): error C2447: '{': missing function header (old-style formal list?)
C:\GTZA\Games\20003_G_MUG_Coronavirus\Intermediate\Build\Win64\UE4Editor\Inc\MUG_Corona\TileAlgorithm.gen.cpp(22): error C2039: 'StaticRegisterNativesUTileAlgorithm': is not a member of 'UTileAlgorithm'
    C:\GTZA\Games\20003_G_MUG_Coronavirus\Source\MUG_Corona/Public/TileAlgorithm.h(12): note: see declaration of 'UTileAlgorithm'
C:\GTZA\Games\20003_G_MUG_Coronavirus\Intermediate\Build\Win64\UE4Editor\Inc\MUG_Corona\TileAlgorithm.gen.cpp(24): error C2039: 'StaticClass': is not a member of 'UTileAlgorithm'
    C:\GTZA\Games\20003_G_MUG_Coronavirus\Source\MUG_Corona/Public/TileAlgorithm.h(12): note: see declaration of 'UTileAlgorithm'
C:\GTZA\Games\20003_G_MUG_Coronavirus\Intermediate\Build\Win64\UE4Editor\Inc\MUG_Corona\TileAlgorithm.gen.cpp(24): error C2672: 'StaticClass': no matching overloaded function found
C:\GTZA\Games\20003_G_MUG_Coronavirus\Intermediate\Build\Win64\UE4Editor\Inc\MUG_Corona\TileAlgorithm.gen.cpp(24): error C2783: 'UClass *StaticClass(void)': could not deduce template argument for 'ClassType'
    C:\Program Files\Epic Games\UE_4.22\Engine\Source\Runtime\CoreUObject\Public\UObject/ReflectedTypeAccessors.h(13): note: see declaration of 'StaticClass'
C:\GTZA\Games\20003_G_MUG_Coronavirus\Intermediate\Build\Win64\UE4Editor\Inc\MUG_Corona\TileAlgorithm.gen.cpp(26): error C2039: 'execgetTile': is not a member of 'UTileAlgorithm'
    C:\GTZA\Games\20003_G_MUG_Coronavirus\Source\MUG_Corona/Public/TileAlgorithm.h(12): note: see declaration of 'UTileAlgorithm'
C:\GTZA\Games\20003_G_MUG_Coronavirus\Intermediate\Build\Win64\UE4Editor\Inc\MUG_Corona\TileAlgorithm.gen.cpp(26): error C2065: 'execgetTile': undeclared identifier
C:\GTZA\Games\20003_G_MUG_Coronavirus\Intermediate\Build\Win64\UE4Editor\Inc\MUG_Corona\TileAlgorithm.gen.cpp(69): error C2039: 'StaticClass': is not a member of 'UTileAlgorithm'
    C:\GTZA\Games\20003_G_MUG_Coronavirus\Source\MUG_Corona/Public/TileAlgorithm.h(12): note: see declaration of 'UTileAlgorithm'
C:\GTZA\Games\20003_G_MUG_Coronavirus\Intermediate\Build\Win64\UE4Editor\Inc\MUG_Corona\TileAlgorithm.gen.cpp(69): error C2672: 'StaticClass': no matching overloaded function found
C:\GTZA\Games\20003_G_MUG_Coronavirus\Intermediate\Build\Win64\UE4Editor\Inc\MUG_Corona\TileAlgorithm.gen.cpp(69): error C2783: 'UClass *StaticClass(void)': could not deduce template argument for 'ClassType'
    C:\Program Files\Epic Games\UE_4.22\Engine\Source\Runtime\CoreUObject\Public\UObject/ReflectedTypeAccessors.h(13): note: see declaration of 'StaticClass'
C:\Program Files\Epic Games\UE_4.22\Engine\Source\Runtime\Core\Public\Templates/IsAbstract.h(11): error C2139: 'UTileAlgorithm': an undefined class is not allowed as an argument to compiler intrinsic type trait '__is_abstract'
    C:\GTZA\Games\20003_G_MUG_Coronavirus\Source\MUG_Corona/Public/TileAlgorithm.h(12): note: see declaration of 'UTileAlgorithm'
    C:\Program Files\Epic Games\UE_4.22\Engine\Source\Runtime\CoreUObject\Public\UObject/Class.h(2071): note: see reference to class template instantiation 'TIsAbstract<CPPCLASS>' being compiled
            with
            [
                CPPCLASS=UTileAlgorithm
            ]
    C:\GTZA\Games\20003_G_MUG_Coronavirus\Intermediate\Build\Win64\UE4Editor\Inc\MUG_Corona\TileAlgorithm.gen.cpp(95): note: see reference to class template instantiation 'TCppClassTypeTraits<UTileAlgorithm>' being compiled
C:\GTZA\Games\20003_G_MUG_Coronavirus\Intermediate\Build\Win64\UE4Editor\Inc\MUG_Corona\TileAlgorithm.gen.cpp(98): error C2039: 'StaticClass': is not a member of 'UTileAlgorithm'
    C:\GTZA\Games\20003_G_MUG_Coronavirus\Source\MUG_Corona/Public/TileAlgorithm.h(12): note: see declaration of 'UTileAlgorithm'
C:\GTZA\Games\20003_G_MUG_Coronavirus\Intermediate\Build\Win64\UE4Editor\Inc\MUG_Corona\TileAlgorithm.gen.cpp(98): error C2078: too many initializers
C:\GTZA\Games\20003_G_MUG_Coronavirus\Intermediate\Build\Win64\UE4Editor\Inc\MUG_Corona\TileAlgorithm.gen.cpp(111): error C2440: 'initializing': cannot convert from 'overloaded-function' to 'UClass *(__cdecl *)(void)'
    C:\GTZA\Games\20003_G_MUG_Coronavirus\Intermediate\Build\Win64\UE4Editor\Inc\MUG_Corona\TileAlgorithm.gen.cpp(111): note: None of the functions with this name in scope match the target type
C:\GTZA\Games\20003_G_MUG_Coronavirus\Intermediate\Build\Win64\UE4Editor\Inc\MUG_Corona\TileAlgorithm.gen.cpp(121): error C2027: use of undefined type 'UTileAlgorithm'
    C:\GTZA\Games\20003_G_MUG_Coronavirus\Source\MUG_Corona/Public/TileAlgorithm.h(12): note: see declaration of 'UTileAlgorithm'
C:\GTZA\Games\20003_G_MUG_Coronavirus\Intermediate\Build\Win64\UE4Editor\Inc\MUG_Corona\TileAlgorithm.gen.cpp(121): error C2039: 'GetPrivateStaticClass': is not a member of 'UTileAlgorithm'
    C:\GTZA\Games\20003_G_MUG_Coronavirus\Source\MUG_Corona/Public/TileAlgorithm.h(12): note: see declaration of 'UTileAlgorithm'
C:\GTZA\Games\20003_G_MUG_Coronavirus\Intermediate\Build\Win64\UE4Editor\Inc\MUG_Corona\TileAlgorithm.gen.cpp(121): error C3861: 'StaticPackage': identifier not found
C:\GTZA\Games\20003_G_MUG_Coronavirus\Intermediate\Build\Win64\UE4Editor\Inc\MUG_Corona\TileAlgorithm.gen.cpp(121): error C2065: 'StaticClassFlags': undeclared identifier
C:\GTZA\Games\20003_G_MUG_Coronavirus\Intermediate\Build\Win64\UE4Editor\Inc\MUG_Corona\TileAlgorithm.gen.cpp(121): error C2039: 'StaticClassFlags': is not a member of 'UTileAlgorithm'
    C:\GTZA\Games\20003_G_MUG_Coronavirus\Source\MUG_Corona/Public/TileAlgorithm.h(12): note: see declaration of 'UTileAlgorithm'
C:\GTZA\Games\20003_G_MUG_Coronavirus\Intermediate\Build\Win64\UE4Editor\Inc\MUG_Corona\TileAlgorithm.gen.cpp(121): error C2039: 'StaticClassCastFlags': is not a member of 'UTileAlgorithm'
    C:\GTZA\Games\20003_G_MUG_Coronavirus\Source\MUG_Corona/Public/TileAlgorithm.h(12): note: see declaration of 'UTileAlgorithm'
C:\GTZA\Games\20003_G_MUG_Coronavirus\Intermediate\Build\Win64\UE4Editor\Inc\MUG_Corona\TileAlgorithm.gen.cpp(121): error C3861: 'StaticClassCastFlags': identifier not found
C:\GTZA\Games\20003_G_MUG_Coronavirus\Intermediate\Build\Win64\UE4Editor\Inc\MUG_Corona\TileAlgorithm.gen.cpp(121): error C2039: 'StaticConfigName': is not a member of 'UTileAlgorithm'
    C:\GTZA\Games\20003_G_MUG_Coronavirus\Source\MUG_Corona/Public/TileAlgorithm.h(12): note: see declaration of 'UTileAlgorithm'
C:\GTZA\Games\20003_G_MUG_Coronavirus\Intermediate\Build\Win64\UE4Editor\Inc\MUG_Corona\TileAlgorithm.gen.cpp(121): error C3861: 'StaticConfigName': identifier not found
C:\GTZA\Games\20003_G_MUG_Coronavirus\Intermediate\Build\Win64\UE4Editor\Inc\MUG_Corona\TileAlgorithm.gen.cpp(121): error C2039: 'AddReferencedObjects': is not a member of 'UTileAlgorithm'
    C:\GTZA\Games\20003_G_MUG_Coronavirus\Source\MUG_Corona/Public/TileAlgorithm.h(12): note: see declaration of 'UTileAlgorithm'
C:\GTZA\Games\20003_G_MUG_Coronavirus\Intermediate\Build\Win64\UE4Editor\Inc\MUG_Corona\TileAlgorithm.gen.cpp(121): error C2065: 'AddReferencedObjects': undeclared identifier
C:\GTZA\Games\20003_G_MUG_Coronavirus\Intermediate\Build\Win64\UE4Editor\Inc\MUG_Corona\TileAlgorithm.gen.cpp(121): error C3083: 'Super': the symbol to the left of a '::' must be a type
C:\GTZA\Games\20003_G_MUG_Coronavirus\Intermediate\Build\Win64\UE4Editor\Inc\MUG_Corona\TileAlgorithm.gen.cpp(121): error C2039: 'StaticClass': is not a member of 'UTileAlgorithm'
    C:\GTZA\Games\20003_G_MUG_Coronavirus\Source\MUG_Corona/Public/TileAlgorithm.h(12): note: see declaration of 'UTileAlgorithm'
C:\GTZA\Games\20003_G_MUG_Coronavirus\Intermediate\Build\Win64\UE4Editor\Inc\MUG_Corona\TileAlgorithm.gen.cpp(121): error C3083: 'WithinClass': the symbol to the left of a '::' must be a type
C:\GTZA\Games\20003_G_MUG_Coronavirus\Intermediate\Build\Win64\UE4Editor\Inc\MUG_Corona\TileAlgorithm.gen.cpp(124): error C2039: 'StaticClass': is not a member of 'UTileAlgorithm'
    C:\GTZA\Games\20003_G_MUG_Coronavirus\Source\MUG_Corona/Public/TileAlgorithm.h(12): note: see declaration of 'UTileAlgorithm'
C:\GTZA\Games\20003_G_MUG_Coronavirus\Intermediate\Build\Win64\UE4Editor\Inc\MUG_Corona\TileAlgorithm.gen.cpp(124): error C2672: 'StaticClass': no matching overloaded function found
C:\GTZA\Games\20003_G_MUG_Coronavirus\Intermediate\Build\Win64\UE4Editor\Inc\MUG_Corona\TileAlgorithm.gen.cpp(124): error C2783: 'UClass *StaticClass(void)': could not deduce template argument for 'ClassType'
    C:\Program Files\Epic Games\UE_4.22\Engine\Source\Runtime\CoreUObject\Public\UObject/ReflectedTypeAccessors.h(13): note: see declaration of 'StaticClass'
C:\GTZA\Games\20003_G_MUG_Coronavirus\Intermediate\Build\Win64\UE4Editor\Inc\MUG_Corona\TileAlgorithm.gen.cpp(126): error C2039: 'StaticClass': is not a member of 'UTileAlgorithm'
    C:\GTZA\Games\20003_G_MUG_Coronavirus\Source\MUG_Corona/Public/TileAlgorithm.h(12): note: see declaration of 'UTileAlgorithm'
C:\GTZA\Games\20003_G_MUG_Coronavirus\Intermediate\Build\Win64\UE4Editor\Inc\MUG_Corona\TileAlgorithm.gen.cpp(126): error C2664: 'FCompiledInDefer::FCompiledInDefer(FCompiledInDefer &&)': cannot convert argument 2 from 'UClass *(__cdecl *)(void)' to 'UClass *(__cdecl *)(void)'
    C:\GTZA\Games\20003_G_MUG_Coronavirus\Intermediate\Build\Win64\UE4Editor\Inc\MUG_Corona\TileAlgorithm.gen.cpp(126): note: None of the functions with this name in scope match the target type
C:\GTZA\Games\20003_G_MUG_Coronavirus\Intermediate\Build\Win64\UE4Editor\Inc\MUG_Corona\TileAlgorithm.gen.cpp(127): error C2039: '{ctor}': is not a member of 'UTileAlgorithm'
    C:\GTZA\Games\20003_G_MUG_Coronavirus\Source\MUG_Corona/Public/TileAlgorithm.h(12): note: see declaration of 'UTileAlgorithm'
C:\GTZA\Games\20003_G_MUG_Coronavirus\Intermediate\Build\Win64\UE4Editor\Inc\MUG_Corona\TileAlgorithm.gen.cpp(127): error C4430: missing type specifier - int assumed. Note: C++ does not support default-int
C:\GTZA\Games\20003_G_MUG_Coronavirus\Intermediate\Build\Win64\UE4Editor\Inc\MUG_Corona\TileAlgorithm.gen.cpp(127): error C2550: '{ctor}': constructor initializer lists are only allowed on constructor definitions
C:\GTZA\Games\20003_G_MUG_Coronavirus\Intermediate\Build\Win64\UE4Editor\Inc\MUG_Corona\TileAlgorithm.gen.cpp(127): error C4508: '{ctor}': function should return a value; 'void' return type assumed
    [11/14] MUG_Corona.init.gen.cpp
C:\Program Files (x86)\Microsoft Visual Studio\2017\Enterprise\Common7\IDE\VC\VCTargets\Microsoft.MakeFile.Targets(44,5): error MSB3075: The command ""C:\Program Files\Epic Games\UE_4.22\Engine\Build\BatchFiles\Build.bat" MUG_CoronaEditor Win64 Development -Project="C:\GTZA\Games\20003_G_MUG_Coronavirus\MUG_Corona.uproject" -WaitMutex -FromMsBuild" exited with code 5. Please verify that you have sufficient rights to run this command.
